<?xml version="1.0" encoding="UTF-8"?>
<!-- Generated by org.testng.reporters.JUnitReportReporter -->
<testsuite hostname="c37feec4beae52d" failures="0" tests="1" name="capstone_UseCase1.CapstoneScenario2Test" time="17.633" errors="0" timestamp="24 Aug 2023 08:33:12 GMT" skipped="0">
  <testcase classname="capstone_UseCase1.CapstoneScenario2Test" name="mainTest" time="17.633"/>
</testsuite> <!-- capstone_UseCase1.CapstoneScenario2Test -->
